{"D:\\_full-stack\\99x\\practice\\serverless-yt\\auction-service\\src\\handlers\\createAuction.ts": {"path":"D:\\_full-stack\\99x\\practice\\serverless-yt\\auction-service\\src\\handlers\\createAuction.ts","statementMap":{"0":{"start":{"line":11,"column":17},"end":{"line":11,"column":46}},"1":{"start":{"line":26,"column":22},"end":{"line":64,"column":1}},"2":{"start":{"line":29,"column":20},"end":{"line":29,"column":30}},"3":{"start":{"line":30,"column":20},"end":{"line":30,"column":51}},"4":{"start":{"line":31,"column":14},"end":{"line":31,"column":24}},"5":{"start":{"line":32,"column":18},"end":{"line":32,"column":28}},"6":{"start":{"line":33,"column":2},"end":{"line":33,"column":43}},"7":{"start":{"line":35,"column":27},"end":{"line":46,"column":3}},"8":{"start":{"line":48,"column":2},"end":{"line":58,"column":3}},"9":{"start":{"line":49,"column":4},"end":{"line":54,"column":17}},"10":{"start":{"line":56,"column":4},"end":{"line":56,"column":25}},"11":{"start":{"line":57,"column":4},"end":{"line":57,"column":72}},"12":{"start":{"line":60,"column":2},"end":{"line":63,"column":4}},"13":{"start":{"line":66,"column":23},"end":{"line":70,"column":1}}},"fnMap":{"0":{"name":"(anonymous_0)","decl":{"start":{"line":26,"column":22},"end":{"line":26,"column":23}},"loc":{"start":{"line":28,"column":37},"end":{"line":64,"column":1}},"line":28}},"branchMap":{},"s":{"0":1,"1":1,"2":0,"3":0,"4":0,"5":0,"6":0,"7":0,"8":0,"9":0,"10":0,"11":0,"12":0,"13":1},"f":{"0":0},"b":{},"_coverageSchema":"1a1c01bbd47fc00a2c39e90264f33305004495a9","hash":"8b9a2bf0427624897fe3390907c9e045e71c1e48"}
,"D:\\_full-stack\\99x\\practice\\serverless-yt\\auction-service\\src\\handlers\\getAuction.ts": {"path":"D:\\_full-stack\\99x\\practice\\serverless-yt\\auction-service\\src\\handlers\\getAuction.ts","statementMap":{"0":{"start":{"line":7,"column":17},"end":{"line":7,"column":46}},"1":{"start":{"line":12,"column":2},"end":{"line":24,"column":3}},"2":{"start":{"line":13,"column":19},"end":{"line":18,"column":16}},"3":{"start":{"line":20,"column":4},"end":{"line":20,"column":26}},"4":{"start":{"line":22,"column":4},"end":{"line":22,"column":25}},"5":{"start":{"line":23,"column":4},"end":{"line":23,"column":72}},"6":{"start":{"line":26,"column":2},"end":{"line":28,"column":3}},"7":{"start":{"line":27,"column":4},"end":{"line":27,"column":73}},"8":{"start":{"line":30,"column":2},"end":{"line":30,"column":17}},"9":{"start":{"line":33,"column":19},"end":{"line":46,"column":1}},"10":{"start":{"line":36,"column":17},"end":{"line":36,"column":43}},"11":{"start":{"line":37,"column":2},"end":{"line":39,"column":3}},"12":{"start":{"line":38,"column":4},"end":{"line":38,"column":61}},"13":{"start":{"line":40,"column":18},"end":{"line":40,"column":42}},"14":{"start":{"line":42,"column":2},"end":{"line":45,"column":4}},"15":{"start":{"line":48,"column":23},"end":{"line":48,"column":51}}},"fnMap":{"0":{"name":"getAuctionById","decl":{"start":{"line":9,"column":22},"end":{"line":9,"column":36}},"loc":{"start":{"line":9,"column":67},"end":{"line":31,"column":1}},"line":9},"1":{"name":"(anonymous_1)","decl":{"start":{"line":33,"column":19},"end":{"line":33,"column":20}},"loc":{"start":{"line":35,"column":37},"end":{"line":46,"column":1}},"line":35}},"branchMap":{"0":{"loc":{"start":{"line":26,"column":2},"end":{"line":28,"column":3}},"type":"if","locations":[{"start":{"line":26,"column":2},"end":{"line":28,"column":3}},{"start":{},"end":{}}],"line":26},"1":{"loc":{"start":{"line":36,"column":17},"end":{"line":36,"column":43}},"type":"binary-expr","locations":[{"start":{"line":36,"column":17},"end":{"line":36,"column":37}},{"start":{"line":36,"column":41},"end":{"line":36,"column":43}}],"line":36},"2":{"loc":{"start":{"line":37,"column":2},"end":{"line":39,"column":3}},"type":"if","locations":[{"start":{"line":37,"column":2},"end":{"line":39,"column":3}},{"start":{},"end":{}}],"line":37}},"s":{"0":3,"1":0,"2":0,"3":0,"4":0,"5":0,"6":0,"7":0,"8":0,"9":3,"10":0,"11":0,"12":0,"13":0,"14":0,"15":3},"f":{"0":0,"1":0},"b":{"0":[0,0],"1":[0,0],"2":[0,0]},"_coverageSchema":"1a1c01bbd47fc00a2c39e90264f33305004495a9","hash":"9285888029a0586c23581b5e6b79e5218ae27bc3"}
,"D:\\_full-stack\\99x\\practice\\serverless-yt\\auction-service\\src\\handlers\\getAuctions.ts": {"path":"D:\\_full-stack\\99x\\practice\\serverless-yt\\auction-service\\src\\handlers\\getAuctions.ts","statementMap":{"0":{"start":{"line":9,"column":17},"end":{"line":9,"column":46}},"1":{"start":{"line":11,"column":20},"end":{"line":41,"column":1}},"2":{"start":{"line":15,"column":21},"end":{"line":15,"column":54}},"3":{"start":{"line":17,"column":17},"end":{"line":27,"column":3}},"4":{"start":{"line":29,"column":2},"end":{"line":35,"column":3}},"5":{"start":{"line":30,"column":19},"end":{"line":30,"column":57}},"6":{"start":{"line":31,"column":4},"end":{"line":31,"column":28}},"7":{"start":{"line":33,"column":4},"end":{"line":33,"column":25}},"8":{"start":{"line":34,"column":4},"end":{"line":34,"column":72}},"9":{"start":{"line":37,"column":2},"end":{"line":40,"column":4}},"10":{"start":{"line":43,"column":23},"end":{"line":47,"column":1}}},"fnMap":{"0":{"name":"(anonymous_0)","decl":{"start":{"line":11,"column":20},"end":{"line":11,"column":21}},"loc":{"start":{"line":13,"column":37},"end":{"line":41,"column":1}},"line":13}},"branchMap":{"0":{"loc":{"start":{"line":15,"column":21},"end":{"line":15,"column":54}},"type":"binary-expr","locations":[{"start":{"line":15,"column":21},"end":{"line":15,"column":48}},{"start":{"line":15,"column":52},"end":{"line":15,"column":54}}],"line":15}},"s":{"0":1,"1":1,"2":0,"3":0,"4":0,"5":0,"6":0,"7":0,"8":0,"9":0,"10":1},"f":{"0":0},"b":{"0":[0,0]},"_coverageSchema":"1a1c01bbd47fc00a2c39e90264f33305004495a9","hash":"57e88f74c85778d55183b82c5931cb506da86e76"}
,"D:\\_full-stack\\99x\\practice\\serverless-yt\\auction-service\\src\\handlers\\placeBid.ts": {"path":"D:\\_full-stack\\99x\\practice\\serverless-yt\\auction-service\\src\\handlers\\placeBid.ts","statementMap":{"0":{"start":{"line":10,"column":17},"end":{"line":10,"column":46}},"1":{"start":{"line":25,"column":17},"end":{"line":85,"column":1}},"2":{"start":{"line":28,"column":17},"end":{"line":28,"column":38}},"3":{"start":{"line":29,"column":21},"end":{"line":29,"column":31}},"4":{"start":{"line":30,"column":20},"end":{"line":30,"column":51}},"5":{"start":{"line":32,"column":2},"end":{"line":34,"column":3}},"6":{"start":{"line":33,"column":4},"end":{"line":33,"column":59}},"7":{"start":{"line":36,"column":18},"end":{"line":36,"column":42}},"8":{"start":{"line":39,"column":2},"end":{"line":41,"column":3}},"9":{"start":{"line":40,"column":4},"end":{"line":40,"column":76}},"10":{"start":{"line":44,"column":2},"end":{"line":46,"column":3}},"11":{"start":{"line":45,"column":4},"end":{"line":45,"column":75}},"12":{"start":{"line":49,"column":2},"end":{"line":51,"column":3}},"13":{"start":{"line":50,"column":4},"end":{"line":50,"column":74}},"14":{"start":{"line":54,"column":2},"end":{"line":58,"column":3}},"15":{"start":{"line":55,"column":4},"end":{"line":57,"column":6}},"16":{"start":{"line":60,"column":17},"end":{"line":69,"column":3}},"17":{"start":{"line":73,"column":2},"end":{"line":79,"column":3}},"18":{"start":{"line":74,"column":19},"end":{"line":74,"column":58}},"19":{"start":{"line":75,"column":4},"end":{"line":75,"column":39}},"20":{"start":{"line":77,"column":4},"end":{"line":77,"column":25}},"21":{"start":{"line":78,"column":4},"end":{"line":78,"column":72}},"22":{"start":{"line":81,"column":2},"end":{"line":84,"column":4}},"23":{"start":{"line":87,"column":23},"end":{"line":91,"column":1}}},"fnMap":{"0":{"name":"(anonymous_0)","decl":{"start":{"line":25,"column":17},"end":{"line":25,"column":18}},"loc":{"start":{"line":27,"column":37},"end":{"line":85,"column":1}},"line":27}},"branchMap":{"0":{"loc":{"start":{"line":32,"column":2},"end":{"line":34,"column":3}},"type":"if","locations":[{"start":{"line":32,"column":2},"end":{"line":34,"column":3}},{"start":{},"end":{}}],"line":32},"1":{"loc":{"start":{"line":39,"column":2},"end":{"line":41,"column":3}},"type":"if","locations":[{"start":{"line":39,"column":2},"end":{"line":41,"column":3}},{"start":{},"end":{}}],"line":39},"2":{"loc":{"start":{"line":44,"column":2},"end":{"line":46,"column":3}},"type":"if","locations":[{"start":{"line":44,"column":2},"end":{"line":46,"column":3}},{"start":{},"end":{}}],"line":44},"3":{"loc":{"start":{"line":49,"column":2},"end":{"line":51,"column":3}},"type":"if","locations":[{"start":{"line":49,"column":2},"end":{"line":51,"column":3}},{"start":{},"end":{}}],"line":49},"4":{"loc":{"start":{"line":54,"column":2},"end":{"line":58,"column":3}},"type":"if","locations":[{"start":{"line":54,"column":2},"end":{"line":58,"column":3}},{"start":{},"end":{}}],"line":54}},"s":{"0":1,"1":1,"2":0,"3":0,"4":0,"5":0,"6":0,"7":0,"8":0,"9":0,"10":0,"11":0,"12":0,"13":0,"14":0,"15":0,"16":0,"17":0,"18":0,"19":0,"20":0,"21":0,"22":0,"23":1},"f":{"0":0},"b":{"0":[0,0],"1":[0,0],"2":[0,0],"3":[0,0],"4":[0,0]},"_coverageSchema":"1a1c01bbd47fc00a2c39e90264f33305004495a9","hash":"ef14cf2951ce908835d05ebbdc4073723771145c"}
,"D:\\_full-stack\\99x\\practice\\serverless-yt\\auction-service\\src\\handlers\\processAuctions.ts": {"path":"D:\\_full-stack\\99x\\practice\\serverless-yt\\auction-service\\src\\handlers\\processAuctions.ts","statementMap":{"0":{"start":{"line":7,"column":17},"end":{"line":7,"column":46}},"1":{"start":{"line":9,"column":24},"end":{"line":21,"column":1}},"2":{"start":{"line":10,"column":2},"end":{"line":20,"column":3}},"3":{"start":{"line":11,"column":21},"end":{"line":11,"column":51}},"4":{"start":{"line":13,"column":26},"end":{"line":13,"column":74}},"5":{"start":{"line":13,"column":52},"end":{"line":13,"column":73}},"6":{"start":{"line":14,"column":4},"end":{"line":14,"column":37}},"7":{"start":{"line":16,"column":4},"end":{"line":16,"column":44}},"8":{"start":{"line":18,"column":4},"end":{"line":18,"column":25}},"9":{"start":{"line":19,"column":4},"end":{"line":19,"column":72}},"10":{"start":{"line":23,"column":23},"end":{"line":23,"column":56}}},"fnMap":{"0":{"name":"(anonymous_0)","decl":{"start":{"line":9,"column":24},"end":{"line":9,"column":25}},"loc":{"start":{"line":9,"column":36},"end":{"line":21,"column":1}},"line":9},"1":{"name":"(anonymous_1)","decl":{"start":{"line":13,"column":39},"end":{"line":13,"column":40}},"loc":{"start":{"line":13,"column":52},"end":{"line":13,"column":73}},"line":13}},"branchMap":{"0":{"loc":{"start":{"line":11,"column":21},"end":{"line":11,"column":51}},"type":"binary-expr","locations":[{"start":{"line":11,"column":21},"end":{"line":11,"column":45}},{"start":{"line":11,"column":49},"end":{"line":11,"column":51}}],"line":11}},"s":{"0":1,"1":1,"2":0,"3":0,"4":0,"5":0,"6":0,"7":0,"8":0,"9":0,"10":1},"f":{"0":0,"1":0},"b":{"0":[0,0]},"_coverageSchema":"1a1c01bbd47fc00a2c39e90264f33305004495a9","hash":"78b9a57b183822cd5e9aeab1cb7944118a5e16ef"}
,"D:\\_full-stack\\99x\\practice\\serverless-yt\\auction-service\\src\\handlers\\uploadAuctionPicture.ts": {"path":"D:\\_full-stack\\99x\\practice\\serverless-yt\\auction-service\\src\\handlers\\uploadAuctionPicture.ts","statementMap":{"0":{"start":{"line":11,"column":29},"end":{"line":40,"column":1}},"1":{"start":{"line":12,"column":19},"end":{"line":12,"column":39}},"2":{"start":{"line":13,"column":22},"end":{"line":13,"column":53}},"3":{"start":{"line":14,"column":20},"end":{"line":14,"column":44}},"4":{"start":{"line":17,"column":4},"end":{"line":21,"column":5}},"5":{"start":{"line":18,"column":8},"end":{"line":20,"column":10}},"6":{"start":{"line":23,"column":19},"end":{"line":23,"column":69}},"7":{"start":{"line":24,"column":19},"end":{"line":24,"column":48}},"8":{"start":{"line":28,"column":4},"end":{"line":34,"column":5}},"9":{"start":{"line":29,"column":27},"end":{"line":29,"column":79}},"10":{"start":{"line":30,"column":8},"end":{"line":30,"column":76}},"11":{"start":{"line":32,"column":8},"end":{"line":32,"column":29}},"12":{"start":{"line":33,"column":8},"end":{"line":33,"column":61}},"13":{"start":{"line":36,"column":4},"end":{"line":39,"column":6}},"14":{"start":{"line":42,"column":23},"end":{"line":45,"column":16}}},"fnMap":{"0":{"name":"(anonymous_0)","decl":{"start":{"line":11,"column":29},"end":{"line":11,"column":30}},"loc":{"start":{"line":11,"column":46},"end":{"line":40,"column":1}},"line":11}},"branchMap":{"0":{"loc":{"start":{"line":17,"column":4},"end":{"line":21,"column":5}},"type":"if","locations":[{"start":{"line":17,"column":4},"end":{"line":21,"column":5}},{"start":{},"end":{}}],"line":17}},"s":{"0":1,"1":0,"2":0,"3":0,"4":0,"5":0,"6":0,"7":0,"8":0,"9":0,"10":0,"11":0,"12":0,"13":0,"14":1},"f":{"0":0},"b":{"0":[0,0]},"_coverageSchema":"1a1c01bbd47fc00a2c39e90264f33305004495a9","hash":"03ca1cc180629aa9d42d1699b80c0a749d607d15"}
,"D:\\_full-stack\\99x\\practice\\serverless-yt\\auction-service\\src\\lib\\closeAuction.ts": {"path":"D:\\_full-stack\\99x\\practice\\serverless-yt\\auction-service\\src\\lib\\closeAuction.ts","statementMap":{"0":{"start":{"line":3,"column":17},"end":{"line":3,"column":50}},"1":{"start":{"line":4,"column":12},"end":{"line":4,"column":25}},"2":{"start":{"line":7,"column":19},"end":{"line":17,"column":5}},"3":{"start":{"line":19,"column":4},"end":{"line":19,"column":44}},"4":{"start":{"line":21,"column":42},"end":{"line":21,"column":49}},"5":{"start":{"line":22,"column":31},"end":{"line":22,"column":41}},"6":{"start":{"line":24,"column":4},"end":{"line":34,"column":5}},"7":{"start":{"line":25,"column":8},"end":{"line":32,"column":19}},"8":{"start":{"line":33,"column":8},"end":{"line":33,"column":15}},"9":{"start":{"line":36,"column":25},"end":{"line":43,"column":16}},"10":{"start":{"line":45,"column":25},"end":{"line":52,"column":16}},"11":{"start":{"line":54,"column":4},"end":{"line":54,"column":53}}},"fnMap":{"0":{"name":"closeAuction","decl":{"start":{"line":6,"column":22},"end":{"line":6,"column":34}},"loc":{"start":{"line":6,"column":44},"end":{"line":55,"column":1}},"line":6}},"branchMap":{"0":{"loc":{"start":{"line":24,"column":4},"end":{"line":34,"column":5}},"type":"if","locations":[{"start":{"line":24,"column":4},"end":{"line":34,"column":5}},{"start":{},"end":{}}],"line":24}},"s":{"0":2,"1":2,"2":1,"3":1,"4":1,"5":1,"6":1,"7":0,"8":0,"9":1,"10":1,"11":1},"f":{"0":1},"b":{"0":[0,1]},"_coverageSchema":"1a1c01bbd47fc00a2c39e90264f33305004495a9","hash":"c103b8596fe71eaf6a8de934cd849f4e3639563f"}
,"D:\\_full-stack\\99x\\practice\\serverless-yt\\auction-service\\src\\lib\\commonMiddleware.ts": {"path":"D:\\_full-stack\\99x\\practice\\serverless-yt\\auction-service\\src\\lib\\commonMiddleware.ts","statementMap":{"0":{"start":{"line":9,"column":2},"end":{"line":14,"column":4}}},"fnMap":{"0":{"name":"(anonymous_0)","decl":{"start":{"line":8,"column":15},"end":{"line":8,"column":16}},"loc":{"start":{"line":9,"column":2},"end":{"line":14,"column":4}},"line":9}},"branchMap":{},"s":{"0":7},"f":{"0":7},"b":{},"_coverageSchema":"1a1c01bbd47fc00a2c39e90264f33305004495a9","hash":"2b98a31cfb190a6387c839dfb618a02efb7aa9ab"}
,"D:\\_full-stack\\99x\\practice\\serverless-yt\\auction-service\\src\\lib\\getEndedAuctions.ts": {"path":"D:\\_full-stack\\99x\\practice\\serverless-yt\\auction-service\\src\\lib\\getEndedAuctions.ts","statementMap":{"0":{"start":{"line":3,"column":17},"end":{"line":3,"column":50}},"1":{"start":{"line":6,"column":14},"end":{"line":6,"column":24}},"2":{"start":{"line":7,"column":17},"end":{"line":18,"column":3}},"3":{"start":{"line":20,"column":17},"end":{"line":20,"column":55}},"4":{"start":{"line":21,"column":2},"end":{"line":21,"column":22}}},"fnMap":{"0":{"name":"getEndedAuctions","decl":{"start":{"line":5,"column":22},"end":{"line":5,"column":38}},"loc":{"start":{"line":5,"column":41},"end":{"line":22,"column":1}},"line":5}},"branchMap":{},"s":{"0":1,"1":0,"2":0,"3":0,"4":0},"f":{"0":0},"b":{},"_coverageSchema":"1a1c01bbd47fc00a2c39e90264f33305004495a9","hash":"f904537fb4822f9eea6d9e5f3793b4515c6b5c4a"}
,"D:\\_full-stack\\99x\\practice\\serverless-yt\\auction-service\\src\\lib\\setAuctionPictureUrl.ts": {"path":"D:\\_full-stack\\99x\\practice\\serverless-yt\\auction-service\\src\\lib\\setAuctionPictureUrl.ts","statementMap":{"0":{"start":{"line":4,"column":17},"end":{"line":4,"column":50}},"1":{"start":{"line":6,"column":36},"end":{"line":19,"column":1}},"2":{"start":{"line":7,"column":19},"end":{"line":15,"column":5}},"3":{"start":{"line":17,"column":19},"end":{"line":17,"column":58}},"4":{"start":{"line":18,"column":4},"end":{"line":18,"column":29}}},"fnMap":{"0":{"name":"(anonymous_0)","decl":{"start":{"line":6,"column":36},"end":{"line":6,"column":37}},"loc":{"start":{"line":6,"column":62},"end":{"line":19,"column":1}},"line":6}},"branchMap":{},"s":{"0":1,"1":1,"2":0,"3":0,"4":0},"f":{"0":0},"b":{},"_coverageSchema":"1a1c01bbd47fc00a2c39e90264f33305004495a9","hash":"c48edc898f7e58642ca4648f97ca96df8ecef37a"}
,"D:\\_full-stack\\99x\\practice\\serverless-yt\\auction-service\\src\\lib\\uploadPictureToS3.ts": {"path":"D:\\_full-stack\\99x\\practice\\serverless-yt\\auction-service\\src\\lib\\uploadPictureToS3.ts","statementMap":{"0":{"start":{"line":4,"column":11},"end":{"line":4,"column":23}},"1":{"start":{"line":6,"column":33},"end":{"line":16,"column":1}},"2":{"start":{"line":7,"column":19},"end":{"line":13,"column":16}},"3":{"start":{"line":15,"column":4},"end":{"line":15,"column":27}}},"fnMap":{"0":{"name":"(anonymous_0)","decl":{"start":{"line":6,"column":33},"end":{"line":6,"column":34}},"loc":{"start":{"line":6,"column":54},"end":{"line":16,"column":1}},"line":6}},"branchMap":{},"s":{"0":1,"1":1,"2":0,"3":0},"f":{"0":0},"b":{},"_coverageSchema":"1a1c01bbd47fc00a2c39e90264f33305004495a9","hash":"4a830d920ecf783a6c00af774c151b3767fbef70"}
,"D:\\_full-stack\\99x\\practice\\serverless-yt\\auction-service\\src\\lib\\schemas\\createAuctionSchema.ts": {"path":"D:\\_full-stack\\99x\\practice\\serverless-yt\\auction-service\\src\\lib\\schemas\\createAuctionSchema.ts","statementMap":{"0":{"start":{"line":1,"column":15},"end":{"line":15,"column":1}}},"fnMap":{},"branchMap":{},"s":{"0":1},"f":{},"b":{},"_coverageSchema":"1a1c01bbd47fc00a2c39e90264f33305004495a9","hash":"760041fbc3814060b587fbded66f0d4fcdceff55"}
,"D:\\_full-stack\\99x\\practice\\serverless-yt\\auction-service\\src\\lib\\schemas\\getAuctionsSchema.ts": {"path":"D:\\_full-stack\\99x\\practice\\serverless-yt\\auction-service\\src\\lib\\schemas\\getAuctionsSchema.ts","statementMap":{"0":{"start":{"line":1,"column":15},"end":{"line":16,"column":1}}},"fnMap":{},"branchMap":{},"s":{"0":1},"f":{},"b":{},"_coverageSchema":"1a1c01bbd47fc00a2c39e90264f33305004495a9","hash":"33627852df9585ec5f20bed4ce6189df34f4a08e"}
,"D:\\_full-stack\\99x\\practice\\serverless-yt\\auction-service\\src\\lib\\schemas\\placeBidSchema.ts": {"path":"D:\\_full-stack\\99x\\practice\\serverless-yt\\auction-service\\src\\lib\\schemas\\placeBidSchema.ts","statementMap":{"0":{"start":{"line":1,"column":15},"end":{"line":15,"column":1}}},"fnMap":{},"branchMap":{},"s":{"0":1},"f":{},"b":{},"_coverageSchema":"1a1c01bbd47fc00a2c39e90264f33305004495a9","hash":"3988b5f240a8d64a7f29bc80f2243f7c3c949d47"}
,"D:\\_full-stack\\99x\\practice\\serverless-yt\\auction-service\\src\\lib\\schemas\\uploadAuctionPictureSchema.ts": {"path":"D:\\_full-stack\\99x\\practice\\serverless-yt\\auction-service\\src\\lib\\schemas\\uploadAuctionPictureSchema.ts","statementMap":{"0":{"start":{"line":1,"column":15},"end":{"line":10,"column":1}}},"fnMap":{},"branchMap":{},"s":{"0":1},"f":{},"b":{},"_coverageSchema":"1a1c01bbd47fc00a2c39e90264f33305004495a9","hash":"92334e24b094d4c03309ff97664a6a8623445396"}
}
